{"/home/shay/a/mghera/461/461Group2Phase2/src/metric_helpers.ts": {"path":"/home/shay/a/mghera/461/461Group2Phase2/src/metric_helpers.ts","statementMap":{"0":{"start":{"line":3,"column":0},"end":{"line":3,"column":25}},"1":{"start":{"line":4,"column":0},"end":{"line":4,"column":94}},"2":{"start":{"line":5,"column":0},"end":{"line":5,"column":null}},"3":{"start":{"line":16,"column":4},"end":{"line":28,"column":null}},"4":{"start":{"line":17,"column":26},"end":{"line":20,"column":10}},"5":{"start":{"line":22,"column":8},"end":{"line":22,"column":25}},"6":{"start":{"line":25,"column":8},"end":{"line":27,"column":null}},"7":{"start":{"line":26,"column":12},"end":{"line":26,"column":103}},"8":{"start":{"line":371,"column":4},"end":{"line":371,"column":17}},"9":{"start":{"line":33,"column":4},"end":{"line":52,"column":null}},"10":{"start":{"line":34,"column":34},"end":{"line":40,"column":10}},"11":{"start":{"line":42,"column":37},"end":{"line":42,"column":61}},"12":{"start":{"line":43,"column":8},"end":{"line":43,"column":52}},"13":{"start":{"line":48,"column":8},"end":{"line":50,"column":null}},"14":{"start":{"line":49,"column":12},"end":{"line":49,"column":111}},"15":{"start":{"line":51,"column":8},"end":{"line":51,"column":17}},"16":{"start":{"line":366,"column":4},"end":{"line":366,"column":25}},"17":{"start":{"line":58,"column":4},"end":{"line":83,"column":null}},"18":{"start":{"line":59,"column":25},"end":{"line":65,"column":10}},"19":{"start":{"line":67,"column":8},"end":{"line":76,"column":null}},"20":{"start":{"line":69,"column":12},"end":{"line":69,"column":64}},"21":{"start":{"line":72,"column":12},"end":{"line":74,"column":null}},"22":{"start":{"line":73,"column":16},"end":{"line":73,"column":192}},"23":{"start":{"line":75,"column":12},"end":{"line":75,"column":21}},"24":{"start":{"line":79,"column":8},"end":{"line":81,"column":null}},"25":{"start":{"line":80,"column":12},"end":{"line":80,"column":115}},"26":{"start":{"line":82,"column":8},"end":{"line":82,"column":17}},"27":{"start":{"line":367,"column":4},"end":{"line":367,"column":20}},"28":{"start":{"line":89,"column":4},"end":{"line":119,"column":null}},"29":{"start":{"line":90,"column":28},"end":{"line":96,"column":10}},"30":{"start":{"line":100,"column":23},"end":{"line":100,"column":87}},"31":{"start":{"line":101,"column":21},"end":{"line":101,"column":34}},"32":{"start":{"line":102,"column":24},"end":{"line":102,"column":48}},"33":{"start":{"line":103,"column":28},"end":{"line":103,"column":45}},"34":{"start":{"line":105,"column":8},"end":{"line":110,"column":null}},"35":{"start":{"line":107,"column":12},"end":{"line":109,"column":null}},"36":{"start":{"line":108,"column":16},"end":{"line":108,"column":107}},"37":{"start":{"line":111,"column":8},"end":{"line":111,"column":44}},"38":{"start":{"line":115,"column":8},"end":{"line":117,"column":null}},"39":{"start":{"line":116,"column":12},"end":{"line":116,"column":105}},"40":{"start":{"line":118,"column":8},"end":{"line":118,"column":17}},"41":{"start":{"line":368,"column":4},"end":{"line":368,"column":19}},"42":{"start":{"line":133,"column":4},"end":{"line":236,"column":null}},"43":{"start":{"line":135,"column":27},"end":{"line":135,"column":32}},"44":{"start":{"line":136,"column":31},"end":{"line":136,"column":32}},"45":{"start":{"line":137,"column":27},"end":{"line":137,"column":28}},"46":{"start":{"line":140,"column":25},"end":{"line":140,"column":60}},"47":{"start":{"line":141,"column":30},"end":{"line":141,"column":60}},"48":{"start":{"line":143,"column":8},"end":{"line":149,"column":null}},"49":{"start":{"line":145,"column":12},"end":{"line":147,"column":null}},"50":{"start":{"line":146,"column":16},"end":{"line":146,"column":114}},"51":{"start":{"line":148,"column":12},"end":{"line":148,"column":19}},"52":{"start":{"line":152,"column":25},"end":{"line":160,"column":10}},"53":{"start":{"line":165,"column":29},"end":{"line":177,"column":10}},"54":{"start":{"line":166,"column":32},"end":{"line":174,"column":14}},"55":{"start":{"line":175,"column":12},"end":{"line":175,"column":86}},"56":{"start":{"line":175,"column":73},"end":{"line":175,"column":86}},"57":{"start":{"line":176,"column":12},"end":{"line":176,"column":115}},"58":{"start":{"line":179,"column":26},"end":{"line":179,"column":45}},"59":{"start":{"line":183,"column":24},"end":{"line":183,"column":52}},"60":{"start":{"line":184,"column":8},"end":{"line":184,"column":39}},"61":{"start":{"line":186,"column":8},"end":{"line":229,"column":null}},"62":{"start":{"line":188,"column":12},"end":{"line":228,"column":null}},"63":{"start":{"line":189,"column":37},"end":{"line":196,"column":18}},"64":{"start":{"line":200,"column":16},"end":{"line":227,"column":null}},"65":{"start":{"line":201,"column":40},"end":{"line":201,"column":65}},"66":{"start":{"line":202,"column":47},"end":{"line":202,"column":98}},"67":{"start":{"line":203,"column":35},"end":{"line":203,"column":60}},"68":{"start":{"line":204,"column":20},"end":{"line":204,"column":47}},"69":{"start":{"line":205,"column":20},"end":{"line":207,"column":null}},"70":{"start":{"line":206,"column":24},"end":{"line":206,"column":33}},"71":{"start":{"line":208,"column":37},"end":{"line":208,"column":64}},"72":{"start":{"line":209,"column":20},"end":{"line":215,"column":null}},"73":{"start":{"line":211,"column":24},"end":{"line":213,"column":null}},"74":{"start":{"line":212,"column":28},"end":{"line":212,"column":132}},"75":{"start":{"line":214,"column":24},"end":{"line":214,"column":33}},"76":{"start":{"line":217,"column":20},"end":{"line":217,"column":83}},"77":{"start":{"line":218,"column":20},"end":{"line":218,"column":35}},"78":{"start":{"line":219,"column":20},"end":{"line":221,"column":null}},"79":{"start":{"line":220,"column":24},"end":{"line":220,"column":30}},"80":{"start":{"line":224,"column":20},"end":{"line":226,"column":null}},"81":{"start":{"line":225,"column":24},"end":{"line":225,"column":131}},"82":{"start":{"line":230,"column":8},"end":{"line":230,"column":28}},"83":{"start":{"line":233,"column":8},"end":{"line":235,"column":null}},"84":{"start":{"line":234,"column":12},"end":{"line":234,"column":111}},"85":{"start":{"line":242,"column":23},"end":{"line":242,"column":33}},"86":{"start":{"line":243,"column":19},"end":{"line":243,"column":52}},"87":{"start":{"line":244,"column":4},"end":{"line":244,"column":37}},"88":{"start":{"line":245,"column":25},"end":{"line":263,"column":6}},"89":{"start":{"line":264,"column":19},"end":{"line":264,"column":38}},"90":{"start":{"line":265,"column":4},"end":{"line":265,"column":56}},"91":{"start":{"line":365,"column":4},"end":{"line":365,"column":18}},"92":{"start":{"line":272,"column":19},"end":{"line":272,"column":47}},"93":{"start":{"line":273,"column":4},"end":{"line":300,"column":null}},"94":{"start":{"line":274,"column":24},"end":{"line":274,"column":63}},"95":{"start":{"line":275,"column":8},"end":{"line":282,"column":null}},"96":{"start":{"line":276,"column":12},"end":{"line":276,"column":26}},"97":{"start":{"line":278,"column":12},"end":{"line":280,"column":null}},"98":{"start":{"line":279,"column":16},"end":{"line":279,"column":107}},"99":{"start":{"line":281,"column":12},"end":{"line":281,"column":28}},"100":{"start":{"line":283,"column":8},"end":{"line":283,"column":32}},"101":{"start":{"line":284,"column":8},"end":{"line":289,"column":null}},"102":{"start":{"line":287,"column":12},"end":{"line":287,"column":53}},"103":{"start":{"line":290,"column":25},"end":{"line":290,"column":73}},"104":{"start":{"line":291,"column":8},"end":{"line":291,"column":54}},"105":{"start":{"line":296,"column":8},"end":{"line":298,"column":null}},"106":{"start":{"line":297,"column":12},"end":{"line":297,"column":105}},"107":{"start":{"line":299,"column":8},"end":{"line":299,"column":17}},"108":{"start":{"line":369,"column":4},"end":{"line":369,"column":19}},"109":{"start":{"line":305,"column":17},"end":{"line":305,"column":50}},"110":{"start":{"line":306,"column":18},"end":{"line":306,"column":41}},"111":{"start":{"line":307,"column":4},"end":{"line":314,"column":null}},"112":{"start":{"line":307,"column":17},"end":{"line":307,"column":33}},"113":{"start":{"line":308,"column":21},"end":{"line":308,"column":29}},"114":{"start":{"line":309,"column":8},"end":{"line":313,"column":null}},"115":{"start":{"line":310,"column":31},"end":{"line":310,"column":56}},"116":{"start":{"line":311,"column":27},"end":{"line":311,"column":70}},"117":{"start":{"line":312,"column":12},"end":{"line":312,"column":28}},"118":{"start":{"line":315,"column":4},"end":{"line":315,"column":23}},"119":{"start":{"line":322,"column":4},"end":{"line":361,"column":null}},"120":{"start":{"line":323,"column":41},"end":{"line":323,"column":43}},"121":{"start":{"line":325,"column":25},"end":{"line":332,"column":10}},"122":{"start":{"line":334,"column":8},"end":{"line":340,"column":null}},"123":{"start":{"line":336,"column":12},"end":{"line":338,"column":null}},"124":{"start":{"line":337,"column":16},"end":{"line":337,"column":99}},"125":{"start":{"line":339,"column":12},"end":{"line":339,"column":21}},"126":{"start":{"line":342,"column":8},"end":{"line":353,"column":11}},"127":{"start":{"line":343,"column":30},"end":{"line":343,"column":56}},"128":{"start":{"line":345,"column":12},"end":{"line":352,"column":null}},"129":{"start":{"line":346,"column":16},"end":{"line":346,"column":53}},"130":{"start":{"line":347,"column":33},"end":{"line":347,"column":73}},"131":{"start":{"line":348,"column":16},"end":{"line":348,"column":48}},"132":{"start":{"line":351,"column":16},"end":{"line":351,"column":32}},"133":{"start":{"line":354,"column":8},"end":{"line":354,"column":66}},"134":{"start":{"line":357,"column":8},"end":{"line":359,"column":null}},"135":{"start":{"line":358,"column":12},"end":{"line":358,"column":100}},"136":{"start":{"line":360,"column":8},"end":{"line":360,"column":17}},"137":{"start":{"line":370,"column":4},"end":{"line":370,"column":19}}},"fnMap":{"0":{"name":"fetchRepoInfo","decl":{"start":{"line":14,"column":15},"end":{"line":14,"column":28}},"loc":{"start":{"line":14,"column":58},"end":{"line":29,"column":null}}},"1":{"name":"(anonymous_15)","decl":{"start":{"line":26,"column":92},"end":{"line":26,"column":93}},"loc":{"start":{"line":26,"column":99},"end":{"line":26,"column":101}}},"2":{"name":"fetchRepoContributors","decl":{"start":{"line":31,"column":15},"end":{"line":31,"column":36}},"loc":{"start":{"line":31,"column":67},"end":{"line":53,"column":null}}},"3":{"name":"(anonymous_18)","decl":{"start":{"line":49,"column":100},"end":{"line":49,"column":101}},"loc":{"start":{"line":49,"column":107},"end":{"line":49,"column":109}}},"4":{"name":"fetchRepoLicense","decl":{"start":{"line":55,"column":15},"end":{"line":55,"column":31}},"loc":{"start":{"line":55,"column":62},"end":{"line":85,"column":null}}},"5":{"name":"(anonymous_21)","decl":{"start":{"line":73,"column":181},"end":{"line":73,"column":182}},"loc":{"start":{"line":73,"column":188},"end":{"line":73,"column":190}}},"6":{"name":"(anonymous_22)","decl":{"start":{"line":80,"column":104},"end":{"line":80,"column":105}},"loc":{"start":{"line":80,"column":111},"end":{"line":80,"column":113}}},"7":{"name":"fetchRepoReadme","decl":{"start":{"line":87,"column":15},"end":{"line":87,"column":30}},"loc":{"start":{"line":87,"column":61},"end":{"line":120,"column":null}}},"8":{"name":"(anonymous_25)","decl":{"start":{"line":108,"column":96},"end":{"line":108,"column":97}},"loc":{"start":{"line":108,"column":103},"end":{"line":108,"column":105}}},"9":{"name":"(anonymous_26)","decl":{"start":{"line":116,"column":94},"end":{"line":116,"column":95}},"loc":{"start":{"line":116,"column":101},"end":{"line":116,"column":103}}},"10":{"name":"fetchTsAndJsFiles","decl":{"start":{"line":130,"column":15},"end":{"line":130,"column":32}},"loc":{"start":{"line":130,"column":63},"end":{"line":238,"column":null}}},"11":{"name":"(anonymous_29)","decl":{"start":{"line":146,"column":103},"end":{"line":146,"column":104}},"loc":{"start":{"line":146,"column":110},"end":{"line":146,"column":112}}},"12":{"name":"(anonymous_30)","decl":{"start":{"line":165,"column":55},"end":{"line":165,"column":59}},"loc":{"start":{"line":165,"column":62},"end":{"line":177,"column":9}}},"13":{"name":"(anonymous_31)","decl":{"start":{"line":212,"column":121},"end":{"line":212,"column":122}},"loc":{"start":{"line":212,"column":128},"end":{"line":212,"column":130}}},"14":{"name":"(anonymous_32)","decl":{"start":{"line":225,"column":120},"end":{"line":225,"column":121}},"loc":{"start":{"line":225,"column":127},"end":{"line":225,"column":129}}},"15":{"name":"(anonymous_33)","decl":{"start":{"line":234,"column":100},"end":{"line":234,"column":101}},"loc":{"start":{"line":234,"column":107},"end":{"line":234,"column":109}}},"16":{"name":"createLintDirs","decl":{"start":{"line":240,"column":15},"end":{"line":240,"column":29}},"loc":{"start":{"line":240,"column":60},"end":{"line":268,"column":null}}},"17":{"name":"fetchLintOutput","decl":{"start":{"line":270,"column":15},"end":{"line":270,"column":30}},"loc":{"start":{"line":270,"column":61},"end":{"line":301,"column":null}}},"18":{"name":"(anonymous_38)","decl":{"start":{"line":279,"column":96},"end":{"line":279,"column":97}},"loc":{"start":{"line":279,"column":103},"end":{"line":279,"column":105}}},"19":{"name":"(anonymous_39)","decl":{"start":{"line":297,"column":94},"end":{"line":297,"column":95}},"loc":{"start":{"line":297,"column":101},"end":{"line":297,"column":103}}},"20":{"name":"getErrorAndWarningCount","decl":{"start":{"line":303,"column":9},"end":{"line":303,"column":32}},"loc":{"start":{"line":303,"column":66},"end":{"line":317,"column":1}}},"21":{"name":"fetchRepoIssues","decl":{"start":{"line":320,"column":15},"end":{"line":320,"column":30}},"loc":{"start":{"line":320,"column":61},"end":{"line":362,"column":null}}},"22":{"name":"(anonymous_43)","decl":{"start":{"line":337,"column":88},"end":{"line":337,"column":89}},"loc":{"start":{"line":337,"column":95},"end":{"line":337,"column":97}}},"23":{"name":"(anonymous_44)","decl":{"start":{"line":342,"column":30},"end":{"line":342,"column":31}},"loc":{"start":{"line":342,"column":40},"end":{"line":353,"column":9}}},"24":{"name":"(anonymous_45)","decl":{"start":{"line":358,"column":89},"end":{"line":358,"column":90}},"loc":{"start":{"line":358,"column":96},"end":{"line":358,"column":98}}}},"branchMap":{"0":{"loc":{"start":{"line":25,"column":8},"end":{"line":27,"column":null}},"type":"if","locations":[{"start":{"line":25,"column":8},"end":{"line":27,"column":null}}]},"1":{"loc":{"start":{"line":48,"column":8},"end":{"line":50,"column":null}},"type":"if","locations":[{"start":{"line":48,"column":8},"end":{"line":50,"column":null}}]},"2":{"loc":{"start":{"line":67,"column":8},"end":{"line":76,"column":null}},"type":"if","locations":[{"start":{"line":67,"column":8},"end":{"line":76,"column":null}},{"start":{"line":70,"column":15},"end":{"line":76,"column":null}}]},"3":{"loc":{"start":{"line":67,"column":12},"end":{"line":67,"column":81}},"type":"binary-expr","locations":[{"start":{"line":67,"column":12},"end":{"line":67,"column":38}},{"start":{"line":67,"column":43},"end":{"line":67,"column":80}}]},"4":{"loc":{"start":{"line":67,"column":12},"end":{"line":67,"column":38}},"type":"cond-expr","locations":[{"start":{"line":67,"column":33},"end":{"line":67,"column":35}},{"start":{"line":67,"column":33},"end":{"line":67,"column":38}}]},"5":{"loc":{"start":{"line":67,"column":12},"end":{"line":67,"column":35}},"type":"binary-expr","locations":[{"start":{"line":67,"column":12},"end":{"line":67,"column":35}},{"start":{"line":67,"column":33},"end":{"line":67,"column":35}}]},"6":{"loc":{"start":{"line":67,"column":43},"end":{"line":67,"column":69}},"type":"cond-expr","locations":[{"start":{"line":67,"column":64},"end":{"line":67,"column":66}},{"start":{"line":67,"column":64},"end":{"line":67,"column":69}}]},"7":{"loc":{"start":{"line":67,"column":43},"end":{"line":67,"column":66}},"type":"binary-expr","locations":[{"start":{"line":67,"column":43},"end":{"line":67,"column":66}},{"start":{"line":67,"column":64},"end":{"line":67,"column":66}}]},"8":{"loc":{"start":{"line":72,"column":12},"end":{"line":74,"column":null}},"type":"if","locations":[{"start":{"line":72,"column":12},"end":{"line":74,"column":null}}]},"9":{"loc":{"start":{"line":79,"column":8},"end":{"line":81,"column":null}},"type":"if","locations":[{"start":{"line":79,"column":8},"end":{"line":81,"column":null}}]},"10":{"loc":{"start":{"line":105,"column":8},"end":{"line":110,"column":null}},"type":"if","locations":[{"start":{"line":105,"column":8},"end":{"line":110,"column":null}}]},"11":{"loc":{"start":{"line":107,"column":12},"end":{"line":109,"column":null}},"type":"if","locations":[{"start":{"line":107,"column":12},"end":{"line":109,"column":null}}]},"12":{"loc":{"start":{"line":115,"column":8},"end":{"line":117,"column":null}},"type":"if","locations":[{"start":{"line":115,"column":8},"end":{"line":117,"column":null}}]},"13":{"loc":{"start":{"line":141,"column":30},"end":{"line":141,"column":60}},"type":"cond-expr","locations":[{"start":{"line":141,"column":44},"end":{"line":141,"column":46}},{"start":{"line":141,"column":44},"end":{"line":141,"column":60}}]},"14":{"loc":{"start":{"line":141,"column":30},"end":{"line":141,"column":46}},"type":"binary-expr","locations":[{"start":{"line":141,"column":30},"end":{"line":141,"column":46}},{"start":{"line":141,"column":44},"end":{"line":141,"column":46}}]},"15":{"loc":{"start":{"line":141,"column":30},"end":{"line":141,"column":44}},"type":"cond-expr","locations":[{"start":{"line":141,"column":38},"end":{"line":141,"column":40}},{"start":{"line":141,"column":30},"end":{"line":141,"column":44}}]},"16":{"loc":{"start":{"line":141,"column":30},"end":{"line":141,"column":40}},"type":"binary-expr","locations":[{"start":{"line":141,"column":30},"end":{"line":141,"column":40}},{"start":{"line":141,"column":30},"end":{"line":141,"column":40}}]},"17":{"loc":{"start":{"line":143,"column":8},"end":{"line":149,"column":null}},"type":"if","locations":[{"start":{"line":143,"column":8},"end":{"line":149,"column":null}}]},"18":{"loc":{"start":{"line":145,"column":12},"end":{"line":147,"column":null}},"type":"if","locations":[{"start":{"line":145,"column":12},"end":{"line":147,"column":null}}]},"19":{"loc":{"start":{"line":175,"column":12},"end":{"line":175,"column":86}},"type":"if","locations":[{"start":{"line":175,"column":12},"end":{"line":175,"column":86}}]},"20":{"loc":{"start":{"line":175,"column":37},"end":{"line":175,"column":70}},"type":"binary-expr","locations":[{"start":{"line":175,"column":37},"end":{"line":175,"column":64}},{"start":{"line":175,"column":68},"end":{"line":175,"column":70}}]},"21":{"loc":{"start":{"line":175,"column":37},"end":{"line":175,"column":64}},"type":"cond-expr","locations":[{"start":{"line":175,"column":46},"end":{"line":175,"column":48}},{"start":{"line":175,"column":46},"end":{"line":175,"column":64}}]},"22":{"loc":{"start":{"line":175,"column":37},"end":{"line":175,"column":48}},"type":"binary-expr","locations":[{"start":{"line":175,"column":37},"end":{"line":175,"column":48}},{"start":{"line":175,"column":46},"end":{"line":175,"column":48}}]},"23":{"loc":{"start":{"line":176,"column":20},"end":{"line":176,"column":113}},"type":"binary-expr","locations":[{"start":{"line":176,"column":20},"end":{"line":176,"column":40}},{"start":{"line":176,"column":44},"end":{"line":176,"column":53}},{"start":{"line":176,"column":58},"end":{"line":176,"column":83}},{"start":{"line":176,"column":87},"end":{"line":176,"column":112}}]},"24":{"loc":{"start":{"line":188,"column":12},"end":{"line":228,"column":null}},"type":"if","locations":[{"start":{"line":188,"column":12},"end":{"line":228,"column":null}}]},"25":{"loc":{"start":{"line":188,"column":16},"end":{"line":188,"column":60}},"type":"binary-expr","locations":[{"start":{"line":188,"column":16},"end":{"line":188,"column":36}},{"start":{"line":188,"column":40},"end":{"line":188,"column":60}}]},"26":{"loc":{"start":{"line":192,"column":26},"end":{"line":192,"column":41}},"type":"cond-expr","locations":[{"start":{"line":192,"column":35},"end":{"line":192,"column":39}},{"start":{"line":192,"column":39},"end":{"line":192,"column":41}}]},"27":{"loc":{"start":{"line":192,"column":26},"end":{"line":192,"column":39}},"type":"binary-expr","locations":[{"start":{"line":192,"column":26},"end":{"line":192,"column":39}},{"start":{"line":192,"column":35},"end":{"line":192,"column":39}}]},"28":{"loc":{"start":{"line":200,"column":16},"end":{"line":227,"column":null}},"type":"if","locations":[{"start":{"line":200,"column":16},"end":{"line":227,"column":null}},{"start":{"line":222,"column":23},"end":{"line":227,"column":null}}]},"29":{"loc":{"start":{"line":205,"column":20},"end":{"line":207,"column":null}},"type":"if","locations":[{"start":{"line":205,"column":20},"end":{"line":207,"column":null}}]},"30":{"loc":{"start":{"line":208,"column":37},"end":{"line":208,"column":64}},"type":"cond-expr","locations":[{"start":{"line":208,"column":46},"end":{"line":208,"column":48}},{"start":{"line":208,"column":46},"end":{"line":208,"column":64}}]},"31":{"loc":{"start":{"line":208,"column":37},"end":{"line":208,"column":48}},"type":"binary-expr","locations":[{"start":{"line":208,"column":37},"end":{"line":208,"column":48}},{"start":{"line":208,"column":46},"end":{"line":208,"column":48}}]},"32":{"loc":{"start":{"line":209,"column":20},"end":{"line":215,"column":null}},"type":"if","locations":[{"start":{"line":209,"column":20},"end":{"line":215,"column":null}}]},"33":{"loc":{"start":{"line":211,"column":24},"end":{"line":213,"column":null}},"type":"if","locations":[{"start":{"line":211,"column":24},"end":{"line":213,"column":null}}]},"34":{"loc":{"start":{"line":219,"column":20},"end":{"line":221,"column":null}},"type":"if","locations":[{"start":{"line":219,"column":20},"end":{"line":221,"column":null}}]},"35":{"loc":{"start":{"line":224,"column":20},"end":{"line":226,"column":null}},"type":"if","locations":[{"start":{"line":224,"column":20},"end":{"line":226,"column":null}}]},"36":{"loc":{"start":{"line":233,"column":8},"end":{"line":235,"column":null}},"type":"if","locations":[{"start":{"line":233,"column":8},"end":{"line":235,"column":null}}]},"37":{"loc":{"start":{"line":275,"column":8},"end":{"line":282,"column":null}},"type":"if","locations":[{"start":{"line":275,"column":8},"end":{"line":282,"column":null}}]},"38":{"loc":{"start":{"line":278,"column":12},"end":{"line":280,"column":null}},"type":"if","locations":[{"start":{"line":278,"column":12},"end":{"line":280,"column":null}}]},"39":{"loc":{"start":{"line":284,"column":8},"end":{"line":289,"column":null}},"type":"if","locations":[{"start":{"line":284,"column":8},"end":{"line":289,"column":null}}]},"40":{"loc":{"start":{"line":296,"column":8},"end":{"line":298,"column":null}},"type":"if","locations":[{"start":{"line":296,"column":8},"end":{"line":298,"column":null}}]},"41":{"loc":{"start":{"line":309,"column":8},"end":{"line":313,"column":null}},"type":"if","locations":[{"start":{"line":309,"column":8},"end":{"line":313,"column":null}}]},"42":{"loc":{"start":{"line":311,"column":27},"end":{"line":311,"column":70}},"type":"cond-expr","locations":[{"start":{"line":311,"column":40},"end":{"line":311,"column":66}},{"start":{"line":311,"column":69},"end":{"line":311,"column":70}}]},"43":{"loc":{"start":{"line":334,"column":8},"end":{"line":340,"column":null}},"type":"if","locations":[{"start":{"line":334,"column":8},"end":{"line":340,"column":null}}]},"44":{"loc":{"start":{"line":336,"column":12},"end":{"line":338,"column":null}},"type":"if","locations":[{"start":{"line":336,"column":12},"end":{"line":338,"column":null}}]},"45":{"loc":{"start":{"line":345,"column":12},"end":{"line":352,"column":null}},"type":"if","locations":[{"start":{"line":345,"column":12},"end":{"line":352,"column":null}},{"start":{"line":350,"column":17},"end":{"line":352,"column":null}}]},"46":{"loc":{"start":{"line":357,"column":8},"end":{"line":359,"column":null}},"type":"if","locations":[{"start":{"line":357,"column":8},"end":{"line":359,"column":null}}]}},"s":{"0":1,"1":1,"2":1,"3":2,"4":2,"5":0,"6":2,"7":0,"8":1,"9":2,"10":2,"11":0,"12":0,"13":2,"14":0,"15":2,"16":1,"17":3,"18":3,"19":0,"20":0,"21":0,"22":0,"23":0,"24":3,"25":0,"26":3,"27":1,"28":3,"29":3,"30":0,"31":0,"32":0,"33":0,"34":0,"35":0,"36":0,"37":0,"38":3,"39":0,"40":3,"41":1,"42":0,"43":0,"44":0,"45":0,"46":0,"47":0,"48":0,"49":0,"50":0,"51":0,"52":0,"53":0,"54":0,"55":0,"56":0,"57":0,"58":0,"59":0,"60":0,"61":0,"62":0,"63":0,"64":0,"65":0,"66":0,"67":0,"68":0,"69":0,"70":0,"71":0,"72":0,"73":0,"74":0,"75":0,"76":0,"77":0,"78":0,"79":0,"80":0,"81":0,"82":0,"83":0,"84":0,"85":1,"86":1,"87":1,"88":0,"89":0,"90":0,"91":1,"92":0,"93":0,"94":0,"95":0,"96":0,"97":0,"98":0,"99":0,"100":0,"101":0,"102":0,"103":0,"104":0,"105":0,"106":0,"107":0,"108":1,"109":0,"110":0,"111":0,"112":0,"113":0,"114":0,"115":0,"116":0,"117":0,"118":0,"119":1,"120":1,"121":1,"122":0,"123":0,"124":0,"125":0,"126":0,"127":0,"128":0,"129":0,"130":0,"131":0,"132":0,"133":0,"134":1,"135":0,"136":1,"137":1},"f":{"0":2,"1":0,"2":2,"3":0,"4":3,"5":0,"6":0,"7":3,"8":0,"9":0,"10":0,"11":0,"12":0,"13":0,"14":0,"15":0,"16":1,"17":0,"18":0,"19":0,"20":0,"21":1,"22":0,"23":0,"24":0},"b":{"0":[0],"1":[0],"2":[0,0],"3":[0,0],"4":[0,0],"5":[0,0],"6":[0,0],"7":[0,0],"8":[0],"9":[0],"10":[0],"11":[0],"12":[0],"13":[0,0],"14":[0,0],"15":[0,0],"16":[0,0],"17":[0],"18":[0],"19":[0],"20":[0,0],"21":[0,0],"22":[0,0],"23":[0,0,0,0],"24":[0],"25":[0,0],"26":[0,0],"27":[0,0],"28":[0,0],"29":[0],"30":[0,0],"31":[0,0],"32":[0],"33":[0],"34":[0],"35":[0],"36":[0],"37":[0],"38":[0],"39":[0],"40":[0],"41":[0],"42":[0,0],"43":[0],"44":[0],"45":[0,0],"46":[0]}}
,"/home/shay/a/mghera/461/461Group2Phase2/src/metrics.ts": {"path":"/home/shay/a/mghera/461/461Group2Phase2/src/metrics.ts","statementMap":{"0":{"start":{"line":4,"column":0},"end":{"line":4,"column":46}},"1":{"start":{"line":5,"column":0},"end":{"line":5,"column":24}},"2":{"start":{"line":6,"column":0},"end":{"line":6,"column":null}},"3":{"start":{"line":15,"column":12},"end":{"line":15,"column":26}},"4":{"start":{"line":16,"column":15},"end":{"line":16,"column":35}},"5":{"start":{"line":17,"column":12},"end":{"line":17,"column":26}},"6":{"start":{"line":18,"column":12},"end":{"line":18,"column":26}},"7":{"start":{"line":31,"column":20},"end":{"line":31,"column":74}},"8":{"start":{"line":33,"column":4},"end":{"line":33,"column":18}},"9":{"start":{"line":168,"column":4},"end":{"line":168,"column":18}},"10":{"start":{"line":38,"column":20},"end":{"line":38,"column":82}},"11":{"start":{"line":40,"column":4},"end":{"line":40,"column":18}},"12":{"start":{"line":170,"column":4},"end":{"line":170,"column":19}},"13":{"start":{"line":44,"column":23},"end":{"line":44,"column":24}},"14":{"start":{"line":45,"column":4},"end":{"line":49,"column":null}},"15":{"start":{"line":46,"column":8},"end":{"line":46,"column":25}},"16":{"start":{"line":48,"column":8},"end":{"line":48,"column":25}},"17":{"start":{"line":51,"column":4},"end":{"line":51,"column":24}},"18":{"start":{"line":169,"column":4},"end":{"line":169,"column":20}},"19":{"start":{"line":59,"column":26},"end":{"line":59,"column":44}},"20":{"start":{"line":61,"column":22},"end":{"line":61,"column":23}},"21":{"start":{"line":62,"column":27},"end":{"line":62,"column":28}},"22":{"start":{"line":64,"column":4},"end":{"line":70,"column":null}},"23":{"start":{"line":65,"column":8},"end":{"line":65,"column":41}},"24":{"start":{"line":66,"column":11},"end":{"line":70,"column":null}},"25":{"start":{"line":67,"column":8},"end":{"line":67,"column":42}},"26":{"start":{"line":68,"column":11},"end":{"line":70,"column":null}},"27":{"start":{"line":69,"column":8},"end":{"line":69,"column":24}},"28":{"start":{"line":73,"column":4},"end":{"line":77,"column":null}},"29":{"start":{"line":74,"column":8},"end":{"line":74,"column":29}},"30":{"start":{"line":76,"column":8},"end":{"line":76,"column":47}},"31":{"start":{"line":80,"column":4},"end":{"line":80,"column":28}},"32":{"start":{"line":171,"column":4},"end":{"line":171,"column":24}},"33":{"start":{"line":85,"column":16},"end":{"line":85,"column":69}},"34":{"start":{"line":85,"column":54},"end":{"line":85,"column":65}},"35":{"start":{"line":86,"column":16},"end":{"line":86,"column":43}},"36":{"start":{"line":87,"column":22},"end":{"line":87,"column":49}},"37":{"start":{"line":88,"column":4},"end":{"line":92,"column":null}},"38":{"start":{"line":89,"column":8},"end":{"line":89,"column":23}},"39":{"start":{"line":91,"column":8},"end":{"line":91,"column":51}},"40":{"start":{"line":96,"column":4},"end":{"line":96,"column":22}},"41":{"start":{"line":172,"column":4},"end":{"line":172,"column":22}},"42":{"start":{"line":108,"column":22},"end":{"line":108,"column":26}},"43":{"start":{"line":109,"column":25},"end":{"line":109,"column":29}},"44":{"start":{"line":110,"column":28},"end":{"line":110,"column":32}},"45":{"start":{"line":111,"column":30},"end":{"line":111,"column":34}},"46":{"start":{"line":112,"column":21},"end":{"line":112,"column":42}},"47":{"start":{"line":113,"column":24},"end":{"line":113,"column":45}},"48":{"start":{"line":114,"column":27},"end":{"line":114,"column":55}},"49":{"start":{"line":115,"column":29},"end":{"line":115,"column":60}},"50":{"start":{"line":116,"column":18},"end":{"line":116,"column":86}},"51":{"start":{"line":118,"column":4},"end":{"line":118,"column":17}},"52":{"start":{"line":175,"column":4},"end":{"line":175,"column":18}},"53":{"start":{"line":122,"column":4},"end":{"line":143,"column":null}},"54":{"start":{"line":122,"column":17},"end":{"line":122,"column":18}},"55":{"start":{"line":123,"column":24},"end":{"line":123,"column":37}},"56":{"start":{"line":124,"column":8},"end":{"line":142,"column":null}},"57":{"start":{"line":127,"column":12},"end":{"line":127,"column":65}},"58":{"start":{"line":128,"column":30},"end":{"line":128,"column":89}},"59":{"start":{"line":129,"column":28},"end":{"line":129,"column":82}},"60":{"start":{"line":130,"column":27},"end":{"line":130,"column":80}},"61":{"start":{"line":131,"column":32},"end":{"line":131,"column":85}},"62":{"start":{"line":132,"column":31},"end":{"line":132,"column":84}},"63":{"start":{"line":133,"column":24},"end":{"line":133,"column":97}},"64":{"start":{"line":134,"column":12},"end":{"line":134,"column":118}},"65":{"start":{"line":139,"column":12},"end":{"line":141,"column":null}},"66":{"start":{"line":140,"column":16},"end":{"line":140,"column":125}},"67":{"start":{"line":173,"column":4},"end":{"line":173,"column":19}},"68":{"start":{"line":147,"column":16},"end":{"line":147,"column":56}},"69":{"start":{"line":150,"column":31},"end":{"line":158,"column":6}},"70":{"start":{"line":159,"column":4},"end":{"line":159,"column":42}},"71":{"start":{"line":160,"column":23},"end":{"line":160,"column":41}},"72":{"start":{"line":161,"column":4},"end":{"line":161,"column":67}},"73":{"start":{"line":162,"column":4},"end":{"line":164,"column":null}},"74":{"start":{"line":163,"column":8},"end":{"line":163,"column":72}},"75":{"start":{"line":174,"column":4},"end":{"line":174,"column":17}}},"fnMap":{"0":{"name":"calcuBusFactor","decl":{"start":{"line":30,"column":9},"end":{"line":30,"column":23}},"loc":{"start":{"line":30,"column":33},"end":{"line":34,"column":3}}},"1":{"name":"calcRampUpScore","decl":{"start":{"line":37,"column":9},"end":{"line":37,"column":24}},"loc":{"start":{"line":37,"column":34},"end":{"line":41,"column":1}}},"2":{"name":"calcLicenseScore","decl":{"start":{"line":43,"column":9},"end":{"line":43,"column":25}},"loc":{"start":{"line":43,"column":35},"end":{"line":52,"column":1}}},"3":{"name":"calcCorrectnessScore","decl":{"start":{"line":54,"column":9},"end":{"line":54,"column":29}},"loc":{"start":{"line":54,"column":63},"end":{"line":81,"column":1}}},"4":{"name":"calcRespMaintScore","decl":{"start":{"line":84,"column":9},"end":{"line":84,"column":27}},"loc":{"start":{"line":84,"column":84},"end":{"line":97,"column":1}}},"5":{"name":"(anonymous_18)","decl":{"start":{"line":85,"column":38},"end":{"line":85,"column":39}},"loc":{"start":{"line":85,"column":54},"end":{"line":85,"column":65}}},"6":{"name":"calcTotalScore","decl":{"start":{"line":99,"column":15},"end":{"line":99,"column":29}},"loc":{"start":{"line":99,"column":121},"end":{"line":119,"column":null}}},"7":{"name":"get_metric_info","decl":{"start":{"line":121,"column":15},"end":{"line":121,"column":30}},"loc":{"start":{"line":121,"column":79},"end":{"line":144,"column":null}}},"8":{"name":"(anonymous_23)","decl":{"start":{"line":140,"column":114},"end":{"line":140,"column":115}},"loc":{"start":{"line":140,"column":121},"end":{"line":140,"column":123}}},"9":{"name":"outputResults","decl":{"start":{"line":146,"column":15},"end":{"line":146,"column":28}},"loc":{"start":{"line":146,"column":167},"end":{"line":165,"column":null}}}},"branchMap":{"0":{"loc":{"start":{"line":15,"column":12},"end":{"line":15,"column":26}},"type":"binary-expr","locations":[{"start":{"line":15,"column":12},"end":{"line":15,"column":17}},{"start":{"line":15,"column":21},"end":{"line":15,"column":26}}]},"1":{"loc":{"start":{"line":16,"column":15},"end":{"line":16,"column":35}},"type":"binary-expr","locations":[{"start":{"line":16,"column":15},"end":{"line":16,"column":23}},{"start":{"line":16,"column":27},"end":{"line":16,"column":35}}]},"2":{"loc":{"start":{"line":17,"column":12},"end":{"line":17,"column":26}},"type":"binary-expr","locations":[{"start":{"line":17,"column":12},"end":{"line":17,"column":17}},{"start":{"line":17,"column":21},"end":{"line":17,"column":26}}]},"3":{"loc":{"start":{"line":18,"column":12},"end":{"line":18,"column":26}},"type":"binary-expr","locations":[{"start":{"line":18,"column":12},"end":{"line":18,"column":17}},{"start":{"line":18,"column":21},"end":{"line":18,"column":26}}]},"4":{"loc":{"start":{"line":45,"column":4},"end":{"line":49,"column":null}},"type":"if","locations":[{"start":{"line":45,"column":4},"end":{"line":49,"column":null}},{"start":{"line":47,"column":11},"end":{"line":49,"column":null}}]},"5":{"loc":{"start":{"line":45,"column":8},"end":{"line":45,"column":83}},"type":"binary-expr","locations":[{"start":{"line":45,"column":8},"end":{"line":45,"column":26}},{"start":{"line":45,"column":30},"end":{"line":45,"column":45}},{"start":{"line":45,"column":49},"end":{"line":45,"column":64}},{"start":{"line":45,"column":68},"end":{"line":45,"column":83}}]},"6":{"loc":{"start":{"line":64,"column":4},"end":{"line":70,"column":null}},"type":"if","locations":[{"start":{"line":64,"column":4},"end":{"line":70,"column":null}},{"start":{"line":66,"column":11},"end":{"line":70,"column":null}}]},"7":{"loc":{"start":{"line":64,"column":8},"end":{"line":64,"column":47}},"type":"binary-expr","locations":[{"start":{"line":64,"column":8},"end":{"line":64,"column":25}},{"start":{"line":64,"column":29},"end":{"line":64,"column":47}}]},"8":{"loc":{"start":{"line":66,"column":11},"end":{"line":70,"column":null}},"type":"if","locations":[{"start":{"line":66,"column":11},"end":{"line":70,"column":null}},{"start":{"line":68,"column":11},"end":{"line":70,"column":null}}]},"9":{"loc":{"start":{"line":66,"column":15},"end":{"line":66,"column":56}},"type":"binary-expr","locations":[{"start":{"line":66,"column":15},"end":{"line":66,"column":33}},{"start":{"line":66,"column":37},"end":{"line":66,"column":56}}]},"10":{"loc":{"start":{"line":68,"column":11},"end":{"line":70,"column":null}},"type":"if","locations":[{"start":{"line":68,"column":11},"end":{"line":70,"column":null}}]},"11":{"loc":{"start":{"line":73,"column":4},"end":{"line":77,"column":null}},"type":"if","locations":[{"start":{"line":73,"column":4},"end":{"line":77,"column":null}},{"start":{"line":75,"column":12},"end":{"line":77,"column":null}}]},"12":{"loc":{"start":{"line":88,"column":4},"end":{"line":92,"column":null}},"type":"if","locations":[{"start":{"line":88,"column":4},"end":{"line":92,"column":null}},{"start":{"line":90,"column":11},"end":{"line":92,"column":null}}]},"13":{"loc":{"start":{"line":139,"column":12},"end":{"line":141,"column":null}},"type":"if","locations":[{"start":{"line":139,"column":12},"end":{"line":141,"column":null}}]},"14":{"loc":{"start":{"line":162,"column":4},"end":{"line":164,"column":null}},"type":"if","locations":[{"start":{"line":162,"column":4},"end":{"line":164,"column":null}}]}},"s":{"0":1,"1":1,"2":1,"3":1,"4":1,"5":1,"6":1,"7":0,"8":0,"9":1,"10":0,"11":0,"12":1,"13":0,"14":0,"15":0,"16":0,"17":0,"18":1,"19":1,"20":1,"21":1,"22":1,"23":0,"24":1,"25":0,"26":1,"27":0,"28":1,"29":0,"30":1,"31":1,"32":1,"33":1,"34":6,"35":1,"36":1,"37":1,"38":0,"39":1,"40":1,"41":1,"42":1,"43":1,"44":1,"45":1,"46":1,"47":1,"48":1,"49":1,"50":1,"51":1,"52":1,"53":0,"54":0,"55":0,"56":0,"57":0,"58":0,"59":0,"60":0,"61":0,"62":0,"63":0,"64":0,"65":0,"66":0,"67":1,"68":1,"69":1,"70":1,"71":1,"72":1,"73":1,"74":0,"75":1},"f":{"0":0,"1":0,"2":0,"3":1,"4":1,"5":6,"6":1,"7":0,"8":0,"9":1},"b":{"0":[1,0],"1":[1,0],"2":[1,0],"3":[1,0],"4":[0,0],"5":[0,0,0,0],"6":[0,1],"7":[1,0],"8":[0,1],"9":[1,0],"10":[0],"11":[0,1],"12":[0,1],"13":[0],"14":[0]}}
}
