TN:
SF:src/main.ts
FN:32,ensureDirectoryExistence
FN:48,runEslint
FN:49,(anonymous_15)
FN:50,(anonymous_16)
FN:71,(anonymous_17)
FN:72,(anonymous_18)
FN:76,(anonymous_19)
FN:88,(anonymous_20)
FN:96,check_npm_for_open_source
FN:97,(anonymous_22)
FN:98,(anonymous_23)
FN:120,(anonymous_24)
FN:127,(anonymous_25)
FN:136,get_npm_package_json
FN:153,(anonymous_28)
FN:161,main
FN:171,(anonymous_31)
FN:171,(anonymous_32)
FN:182,(anonymous_33)
FN:186,(anonymous_34)
FN:196,(anonymous_35)
FN:207,(anonymous_36)
FNF:22
FNH:4
FNDA:2,ensureDirectoryExistence
FNDA:0,runEslint
FNDA:0,(anonymous_15)
FNDA:0,(anonymous_16)
FNDA:0,(anonymous_17)
FNDA:0,(anonymous_18)
FNDA:0,(anonymous_19)
FNDA:0,(anonymous_20)
FNDA:0,check_npm_for_open_source
FNDA:0,(anonymous_22)
FNDA:0,(anonymous_23)
FNDA:0,(anonymous_24)
FNDA:0,(anonymous_25)
FNDA:0,get_npm_package_json
FNDA:0,(anonymous_28)
FNDA:1,main
FNDA:1,(anonymous_31)
FNDA:1,(anonymous_32)
FNDA:0,(anonymous_33)
FNDA:0,(anonymous_34)
FNDA:0,(anonymous_35)
FNDA:0,(anonymous_36)
DA:1,1
DA:2,1
DA:3,1
DA:4,1
DA:5,1
DA:7,1
DA:8,1
DA:15,1
DA:16,1
DA:17,1
DA:18,1
DA:20,1
DA:23,1
DA:24,1
DA:25,1
DA:27,1
DA:28,0
DA:29,0
DA:33,2
DA:34,0
DA:42,1
DA:49,0
DA:50,0
DA:51,0
DA:53,0
DA:55,0
DA:57,0
DA:60,0
DA:71,1
DA:72,0
DA:73,0
DA:75,0
DA:76,0
DA:78,0
DA:79,0
DA:82,0
DA:83,0
DA:84,0
DA:87,0
DA:88,0
DA:90,0
DA:97,0
DA:98,0
DA:99,0
DA:100,0
DA:101,0
DA:102,0
DA:103,0
DA:105,0
DA:106,0
DA:107,0
DA:110,0
DA:111,0
DA:115,0
DA:116,0
DA:119,0
DA:120,0
DA:122,0
DA:126,0
DA:127,0
DA:129,0
DA:137,0
DA:138,0
DA:139,0
DA:140,0
DA:141,0
DA:142,0
DA:143,0
DA:144,0
DA:145,0
DA:146,0
DA:147,0
DA:152,0
DA:153,0
DA:162,1
DA:163,1
DA:166,1
DA:167,1
DA:171,1
DA:172,1
DA:175,1
DA:177,0
DA:178,0
DA:179,0
DA:181,0
DA:182,0
DA:184,0
DA:186,0
DA:187,0
DA:188,0
DA:189,0
DA:190,0
DA:191,0
DA:192,0
DA:195,0
DA:196,0
DA:201,0
DA:202,0
DA:203,0
DA:205,0
DA:206,0
DA:207,0
DA:211,0
DA:212,0
DA:213,0
DA:215,0
DA:224,1
DA:228,1
DA:229,1
DA:230,1
DA:231,1
DA:232,1
DA:233,1
DA:234,1
LF:114
LH:34
BRDA:27,0,0,0
BRDA:27,1,0,1
BRDA:27,1,1,1
BRDA:27,1,2,1
BRDA:33,2,0,0
BRDA:51,3,0,0
BRDA:51,3,1,0
BRDA:53,4,0,0
BRDA:53,4,1,0
BRDA:73,5,0,0
BRDA:75,6,0,0
BRDA:87,7,0,0
BRDA:99,8,0,0
BRDA:99,8,1,0
BRDA:101,9,0,0
BRDA:101,9,1,0
BRDA:103,10,0,0
BRDA:103,10,1,0
BRDA:106,11,0,0
BRDA:110,12,0,0
BRDA:119,13,0,0
BRDA:126,14,0,0
BRDA:144,15,0,0
BRDA:146,16,0,0
BRDA:152,17,0,0
BRDA:162,18,0,1
BRDA:175,19,0,0
BRDA:179,20,0,0
BRDA:181,21,0,0
BRDA:189,22,0,0
BRDA:189,22,1,0
BRDA:191,23,0,0
BRDA:191,23,1,0
BRDA:195,24,0,0
BRDA:206,25,0,0
BRF:35
BRH:4
end_of_record
TN:
SF:src/metric_helpers.ts
FN:14,fetchRepoInfo
FN:26,(anonymous_15)
FN:31,fetchRepoContributors
FN:49,(anonymous_18)
FN:55,fetchRepoLicense
FN:72,(anonymous_21)
FN:79,(anonymous_22)
FN:86,fetchRepoReadme
FN:107,(anonymous_25)
FN:115,(anonymous_26)
FN:129,fetchTsAndJsFiles
FN:145,(anonymous_29)
FN:164,(anonymous_30)
FN:211,(anonymous_31)
FN:224,(anonymous_32)
FN:233,(anonymous_33)
FN:239,createLintDirs
FN:270,fetchLintOutput
FN:279,(anonymous_38)
FN:297,(anonymous_39)
FN:303,getErrorAndWarningCount
FN:320,fetchRepoIssues
FN:337,(anonymous_43)
FN:342,(anonymous_44)
FN:358,(anonymous_45)
FN:364,fetchRepoPinning
FN:377,(anonymous_48)
FN:396,fetchRepoPullRequest
FN:428,(anonymous_51)
FNF:29
FNH:11
FNDA:4,fetchRepoInfo
FNDA:1,(anonymous_15)
FNDA:4,fetchRepoContributors
FNDA:1,(anonymous_18)
FNDA:4,fetchRepoLicense
FNDA:0,(anonymous_21)
FNDA:2,(anonymous_22)
FNDA:6,fetchRepoReadme
FNDA:0,(anonymous_25)
FNDA:1,(anonymous_26)
FNDA:0,fetchTsAndJsFiles
FNDA:0,(anonymous_29)
FNDA:0,(anonymous_30)
FNDA:0,(anonymous_31)
FNDA:0,(anonymous_32)
FNDA:0,(anonymous_33)
FNDA:2,createLintDirs
FNDA:0,fetchLintOutput
FNDA:0,(anonymous_38)
FNDA:0,(anonymous_39)
FNDA:0,getErrorAndWarningCount
FNDA:2,fetchRepoIssues
FNDA:0,(anonymous_43)
FNDA:30,(anonymous_44)
FNDA:0,(anonymous_45)
FNDA:0,fetchRepoPinning
FNDA:0,(anonymous_48)
FNDA:0,fetchRepoPullRequest
FNDA:0,(anonymous_51)
DA:3,2
DA:4,2
DA:5,2
DA:16,4
DA:17,4
DA:22,1
DA:25,3
DA:26,1
DA:33,4
DA:34,4
DA:42,1
DA:43,1
DA:48,3
DA:49,1
DA:51,3
DA:58,4
DA:59,4
DA:67,0
DA:68,0
DA:71,0
DA:72,0
DA:74,0
DA:78,4
DA:79,2
DA:81,4
DA:88,6
DA:89,6
DA:99,1
DA:100,1
DA:101,1
DA:102,1
DA:104,1
DA:106,0
DA:107,0
DA:110,1
DA:114,5
DA:115,2
DA:117,5
DA:132,0
DA:134,0
DA:135,0
DA:136,0
DA:139,0
DA:140,0
DA:142,0
DA:144,0
DA:145,0
DA:147,0
DA:151,0
DA:164,0
DA:165,0
DA:174,0
DA:175,0
DA:178,0
DA:182,0
DA:183,0
DA:185,0
DA:187,0
DA:188,0
DA:199,0
DA:200,0
DA:201,0
DA:202,0
DA:203,0
DA:204,0
DA:205,0
DA:207,0
DA:208,0
DA:210,0
DA:211,0
DA:213,0
DA:216,0
DA:217,0
DA:218,0
DA:219,0
DA:223,0
DA:224,0
DA:229,0
DA:232,0
DA:233,0
DA:240,2
DA:241,2
DA:242,2
DA:261,2
DA:262,2
DA:263,2
DA:264,2
DA:266,0
DA:272,0
DA:273,0
DA:274,0
DA:275,0
DA:276,0
DA:278,0
DA:279,0
DA:281,0
DA:283,0
DA:284,0
DA:287,0
DA:290,0
DA:291,0
DA:296,0
DA:297,0
DA:299,0
DA:305,0
DA:306,0
DA:307,0
DA:308,0
DA:309,0
DA:310,0
DA:311,0
DA:312,0
DA:315,0
DA:322,2
DA:323,2
DA:325,2
DA:334,1
DA:336,0
DA:337,0
DA:339,0
DA:342,1
DA:343,30
DA:345,30
DA:346,10
DA:347,10
DA:348,10
DA:351,20
DA:354,1
DA:357,1
DA:358,0
DA:360,1
DA:365,0
DA:366,0
DA:371,0
DA:372,0
DA:374,0
DA:375,0
DA:376,0
DA:377,0
DA:378,0
DA:379,0
DA:380,0
DA:381,0
DA:383,0
DA:386,0
DA:388,0
DA:391,0
DA:392,0
DA:397,0
DA:398,0
DA:404,0
DA:405,0
DA:407,0
DA:408,0
DA:409,0
DA:410,0
DA:412,0
DA:413,0
DA:419,0
DA:420,0
DA:422,0
DA:428,0
DA:429,0
DA:430,0
DA:434,0
DA:437,0
DA:439,0
DA:441,0
DA:443,0
DA:446,0
DA:447,0
DA:452,2
DA:453,2
DA:454,2
DA:455,2
DA:456,2
DA:457,2
DA:458,2
DA:459,2
DA:460,2
LF:180
LH:61
BRDA:25,0,0,1
BRDA:48,1,0,1
BRDA:67,2,0,0
BRDA:67,2,1,0
BRDA:67,3,0,0
BRDA:67,3,1,0
BRDA:67,4,0,0
BRDA:67,4,1,0
BRDA:67,5,0,0
BRDA:67,5,1,0
BRDA:67,6,0,0
BRDA:67,6,1,0
BRDA:67,7,0,0
BRDA:67,7,1,0
BRDA:71,8,0,0
BRDA:78,9,0,2
BRDA:104,10,0,0
BRDA:106,11,0,0
BRDA:114,12,0,2
BRDA:140,13,0,0
BRDA:140,13,1,0
BRDA:140,14,0,0
BRDA:140,14,1,0
BRDA:140,15,0,0
BRDA:140,15,1,0
BRDA:140,16,0,0
BRDA:140,16,1,0
BRDA:142,17,0,0
BRDA:144,18,0,0
BRDA:174,19,0,0
BRDA:174,20,0,0
BRDA:174,20,1,0
BRDA:174,21,0,0
BRDA:174,21,1,0
BRDA:174,22,0,0
BRDA:174,22,1,0
BRDA:175,23,0,0
BRDA:175,23,1,0
BRDA:175,23,2,0
BRDA:175,23,3,0
BRDA:187,24,0,0
BRDA:187,25,0,0
BRDA:187,25,1,0
BRDA:191,26,0,0
BRDA:191,26,1,0
BRDA:191,27,0,0
BRDA:191,27,1,0
BRDA:199,28,0,0
BRDA:199,28,1,0
BRDA:204,29,0,0
BRDA:207,30,0,0
BRDA:207,30,1,0
BRDA:207,31,0,0
BRDA:207,31,1,0
BRDA:208,32,0,0
BRDA:210,33,0,0
BRDA:218,34,0,0
BRDA:223,35,0,0
BRDA:232,36,0,0
BRDA:275,37,0,0
BRDA:278,38,0,0
BRDA:284,39,0,0
BRDA:296,40,0,0
BRDA:309,41,0,0
BRDA:311,42,0,0
BRDA:311,42,1,0
BRDA:334,43,0,0
BRDA:336,44,0,0
BRDA:345,45,0,10
BRDA:345,45,1,20
BRDA:357,46,0,0
BRDA:374,47,0,0
BRDA:374,47,1,0
BRDA:380,48,0,0
BRDA:409,49,0,0
BRDA:412,50,0,0
BRDA:429,51,0,0
BRDA:437,52,0,0
BRDA:437,52,1,0
BRF:79
BRH:6
end_of_record
TN:
SF:src/metrics.ts
FN:29,calcuBusFactor
FN:36,calcRampUpScore
FN:42,calcLicenseScore
FN:53,calcCorrectnessScore
FN:83,calcRespMaintScore
FN:84,(anonymous_18)
FN:98,calcTotalScore
FN:124,get_metric_info
FN:146,(anonymous_23)
FN:152,outputResults
FNF:10
FNH:7
FNDA:1,calcuBusFactor
FNDA:1,calcRampUpScore
FNDA:0,calcLicenseScore
FNDA:2,calcCorrectnessScore
FNDA:3,calcRespMaintScore
FNDA:22,(anonymous_18)
FNDA:2,calcTotalScore
FNDA:0,get_metric_info
FNDA:0,(anonymous_23)
FNDA:2,outputResults
DA:4,2
DA:5,2
DA:6,2
DA:30,1
DA:32,1
DA:37,1
DA:39,1
DA:43,0
DA:44,0
DA:46,0
DA:47,0
DA:50,0
DA:58,2
DA:60,2
DA:61,2
DA:63,2
DA:64,0
DA:65,2
DA:66,0
DA:67,2
DA:68,0
DA:72,2
DA:73,0
DA:75,2
DA:79,2
DA:84,22
DA:85,3
DA:86,3
DA:87,3
DA:88,1
DA:90,2
DA:95,3
DA:107,2
DA:108,2
DA:109,2
DA:110,2
DA:111,2
DA:112,2
DA:113,2
DA:114,2
DA:115,2
DA:116,2
DA:117,2
DA:118,2
DA:119,2
DA:121,2
DA:125,0
DA:126,0
DA:127,0
DA:130,0
DA:131,0
DA:132,0
DA:133,0
DA:134,0
DA:135,0
DA:136,0
DA:137,0
DA:138,0
DA:139,0
DA:140,0
DA:145,0
DA:146,0
DA:153,2
DA:155,2
DA:166,2
DA:167,2
DA:168,2
DA:169,2
DA:170,1
DA:175,2
DA:176,2
DA:177,2
DA:178,2
DA:179,2
DA:180,2
DA:181,2
DA:182,2
LF:77
LH:52
BRDA:46,0,0,0
BRDA:46,1,0,0
BRDA:46,1,1,0
BRDA:46,1,2,0
BRDA:46,1,3,0
BRDA:63,2,0,0
BRDA:63,2,1,2
BRDA:63,3,0,2
BRDA:63,3,1,0
BRDA:65,4,0,0
BRDA:65,4,1,2
BRDA:65,5,0,2
BRDA:65,5,1,0
BRDA:67,6,0,0
BRDA:72,7,0,0
BRDA:72,7,1,2
BRDA:87,8,0,1
BRDA:87,8,1,2
BRDA:145,9,0,0
BRDA:169,10,0,1
BRF:20
BRH:8
end_of_record
TN:
SF:src/urls_parse.ts
FN:11,(anonymous_6)
FN:17,(anonymous_7)
FN:29,(anonymous_8)
FN:42,(anonymous_9)
FNF:4
FNH:0
FNDA:0,(anonymous_6)
FNDA:0,(anonymous_7)
FNDA:0,(anonymous_8)
FNDA:0,(anonymous_9)
DA:3,1
DA:4,1
DA:6,1
DA:7,1
DA:11,1
DA:12,0
DA:13,0
DA:16,0
DA:17,0
DA:19,0
DA:29,1
DA:30,0
DA:31,0
DA:32,0
DA:34,0
DA:42,1
DA:43,0
DA:44,0
DA:45,0
DA:50,0
DA:54,1
DA:55,1
DA:56,1
LF:23
LH:10
BRDA:16,0,0,0
BRDA:31,1,0,0
BRDA:44,2,0,0
BRF:3
BRH:0
end_of_record
