TN:
SF:src/metric_helpers.ts
FN:14,fetchRepoInfo
FN:26,(anonymous_15)
FN:31,fetchRepoContributors
FN:49,(anonymous_18)
FN:55,fetchRepoLicense
FN:73,(anonymous_21)
FN:80,(anonymous_22)
FN:87,fetchRepoReadme
FN:108,(anonymous_25)
FN:116,(anonymous_26)
FN:130,fetchTsAndJsFiles
FN:146,(anonymous_29)
FN:165,(anonymous_30)
FN:212,(anonymous_31)
FN:225,(anonymous_32)
FN:234,(anonymous_33)
FN:240,createLintDirs
FN:270,fetchLintOutput
FN:279,(anonymous_38)
FN:297,(anonymous_39)
FN:303,getErrorAndWarningCount
FN:320,fetchRepoIssues
FN:337,(anonymous_43)
FN:342,(anonymous_44)
FN:358,(anonymous_45)
FNF:25
FNH:6
FNDA:2,fetchRepoInfo
FNDA:0,(anonymous_15)
FNDA:2,fetchRepoContributors
FNDA:0,(anonymous_18)
FNDA:3,fetchRepoLicense
FNDA:0,(anonymous_21)
FNDA:0,(anonymous_22)
FNDA:3,fetchRepoReadme
FNDA:0,(anonymous_25)
FNDA:0,(anonymous_26)
FNDA:0,fetchTsAndJsFiles
FNDA:0,(anonymous_29)
FNDA:0,(anonymous_30)
FNDA:0,(anonymous_31)
FNDA:0,(anonymous_32)
FNDA:0,(anonymous_33)
FNDA:1,createLintDirs
FNDA:0,fetchLintOutput
FNDA:0,(anonymous_38)
FNDA:0,(anonymous_39)
FNDA:0,getErrorAndWarningCount
FNDA:1,fetchRepoIssues
FNDA:0,(anonymous_43)
FNDA:0,(anonymous_44)
FNDA:0,(anonymous_45)
DA:3,1
DA:4,1
DA:5,1
DA:16,2
DA:17,2
DA:22,0
DA:25,2
DA:26,0
DA:33,2
DA:34,2
DA:42,0
DA:43,0
DA:48,2
DA:49,0
DA:51,2
DA:58,3
DA:59,3
DA:67,0
DA:69,0
DA:72,0
DA:73,0
DA:75,0
DA:79,3
DA:80,0
DA:82,3
DA:89,3
DA:90,3
DA:100,0
DA:101,0
DA:102,0
DA:103,0
DA:105,0
DA:107,0
DA:108,0
DA:111,0
DA:115,3
DA:116,0
DA:118,3
DA:133,0
DA:135,0
DA:136,0
DA:137,0
DA:140,0
DA:141,0
DA:143,0
DA:145,0
DA:146,0
DA:148,0
DA:152,0
DA:165,0
DA:166,0
DA:175,0
DA:176,0
DA:179,0
DA:183,0
DA:184,0
DA:186,0
DA:188,0
DA:189,0
DA:200,0
DA:201,0
DA:202,0
DA:203,0
DA:204,0
DA:205,0
DA:206,0
DA:208,0
DA:209,0
DA:211,0
DA:212,0
DA:214,0
DA:217,0
DA:218,0
DA:219,0
DA:220,0
DA:224,0
DA:225,0
DA:230,0
DA:233,0
DA:234,0
DA:242,1
DA:243,1
DA:244,1
DA:245,0
DA:264,0
DA:265,0
DA:272,0
DA:273,0
DA:274,0
DA:275,0
DA:276,0
DA:278,0
DA:279,0
DA:281,0
DA:283,0
DA:284,0
DA:287,0
DA:290,0
DA:291,0
DA:296,0
DA:297,0
DA:299,0
DA:305,0
DA:306,0
DA:307,0
DA:308,0
DA:309,0
DA:310,0
DA:311,0
DA:312,0
DA:315,0
DA:322,1
DA:323,1
DA:325,1
DA:334,0
DA:336,0
DA:337,0
DA:339,0
DA:342,0
DA:343,0
DA:345,0
DA:346,0
DA:347,0
DA:348,0
DA:351,0
DA:354,0
DA:357,1
DA:358,0
DA:360,1
DA:365,1
DA:366,1
DA:367,1
DA:368,1
DA:369,1
DA:370,1
DA:371,1
LF:136
LH:33
BRDA:25,0,0,0
BRDA:48,1,0,0
BRDA:67,2,0,0
BRDA:67,2,1,0
BRDA:67,3,0,0
BRDA:67,3,1,0
BRDA:67,4,0,0
BRDA:67,4,1,0
BRDA:67,5,0,0
BRDA:67,5,1,0
BRDA:67,6,0,0
BRDA:67,6,1,0
BRDA:67,7,0,0
BRDA:67,7,1,0
BRDA:72,8,0,0
BRDA:79,9,0,0
BRDA:105,10,0,0
BRDA:107,11,0,0
BRDA:115,12,0,0
BRDA:141,13,0,0
BRDA:141,13,1,0
BRDA:141,14,0,0
BRDA:141,14,1,0
BRDA:141,15,0,0
BRDA:141,15,1,0
BRDA:141,16,0,0
BRDA:141,16,1,0
BRDA:143,17,0,0
BRDA:145,18,0,0
BRDA:175,19,0,0
BRDA:175,20,0,0
BRDA:175,20,1,0
BRDA:175,21,0,0
BRDA:175,21,1,0
BRDA:175,22,0,0
BRDA:175,22,1,0
BRDA:176,23,0,0
BRDA:176,23,1,0
BRDA:176,23,2,0
BRDA:176,23,3,0
BRDA:188,24,0,0
BRDA:188,25,0,0
BRDA:188,25,1,0
BRDA:192,26,0,0
BRDA:192,26,1,0
BRDA:192,27,0,0
BRDA:192,27,1,0
BRDA:200,28,0,0
BRDA:200,28,1,0
BRDA:205,29,0,0
BRDA:208,30,0,0
BRDA:208,30,1,0
BRDA:208,31,0,0
BRDA:208,31,1,0
BRDA:209,32,0,0
BRDA:211,33,0,0
BRDA:219,34,0,0
BRDA:224,35,0,0
BRDA:233,36,0,0
BRDA:275,37,0,0
BRDA:278,38,0,0
BRDA:284,39,0,0
BRDA:296,40,0,0
BRDA:309,41,0,0
BRDA:311,42,0,0
BRDA:311,42,1,0
BRDA:334,43,0,0
BRDA:336,44,0,0
BRDA:345,45,0,0
BRDA:345,45,1,0
BRDA:357,46,0,0
BRF:71
BRH:0
end_of_record
TN:
SF:src/metrics.ts
FN:30,calcuBusFactor
FN:37,calcRampUpScore
FN:43,calcLicenseScore
FN:54,calcCorrectnessScore
FN:84,calcRespMaintScore
FN:85,(anonymous_18)
FN:99,calcTotalScore
FN:121,get_metric_info
FN:140,(anonymous_23)
FN:146,outputResults
FNF:10
FNH:5
FNDA:0,calcuBusFactor
FNDA:0,calcRampUpScore
FNDA:0,calcLicenseScore
FNDA:1,calcCorrectnessScore
FNDA:1,calcRespMaintScore
FNDA:6,(anonymous_18)
FNDA:1,calcTotalScore
FNDA:0,get_metric_info
FNDA:0,(anonymous_23)
FNDA:1,outputResults
DA:4,1
DA:5,1
DA:6,1
DA:15,1
DA:16,1
DA:17,1
DA:18,1
DA:31,0
DA:33,0
DA:38,0
DA:40,0
DA:44,0
DA:45,0
DA:46,0
DA:48,0
DA:51,0
DA:59,1
DA:61,1
DA:62,1
DA:64,1
DA:65,0
DA:66,1
DA:67,0
DA:68,1
DA:69,0
DA:73,1
DA:74,0
DA:76,1
DA:80,1
DA:85,6
DA:86,1
DA:87,1
DA:88,1
DA:89,0
DA:91,1
DA:96,1
DA:108,1
DA:109,1
DA:110,1
DA:111,1
DA:112,1
DA:113,1
DA:114,1
DA:115,1
DA:116,1
DA:118,1
DA:122,0
DA:123,0
DA:124,0
DA:127,0
DA:128,0
DA:129,0
DA:130,0
DA:131,0
DA:132,0
DA:133,0
DA:134,0
DA:139,0
DA:140,0
DA:147,1
DA:150,1
DA:159,1
DA:160,1
DA:161,1
DA:162,1
DA:163,0
DA:168,1
DA:169,1
DA:170,1
DA:171,1
DA:172,1
DA:173,1
DA:174,1
DA:175,1
LF:74
LH:46
BRDA:15,0,0,1
BRDA:15,0,1,0
BRDA:16,1,0,1
BRDA:16,1,1,0
BRDA:17,2,0,1
BRDA:17,2,1,0
BRDA:18,3,0,1
BRDA:18,3,1,0
BRDA:45,4,0,0
BRDA:45,4,1,0
BRDA:45,5,0,0
BRDA:45,5,1,0
BRDA:45,5,2,0
BRDA:45,5,3,0
BRDA:64,6,0,0
BRDA:64,6,1,1
BRDA:64,7,0,1
BRDA:64,7,1,0
BRDA:66,8,0,0
BRDA:66,8,1,1
BRDA:66,9,0,1
BRDA:66,9,1,0
BRDA:68,10,0,0
BRDA:73,11,0,0
BRDA:73,11,1,1
BRDA:88,12,0,0
BRDA:88,12,1,1
BRDA:139,13,0,0
BRDA:162,14,0,0
BRF:29
BRH:10
end_of_record
